c:\users\eduardo godoy\source\repos\autolol2021\x64\release\opencv_core.dll
c:\users\eduardo godoy\source\repos\autolol2021\x64\release\zlib1.dll
c:\users\eduardo godoy\source\repos\autolol2021\x64\release\opencv_imgcodecs.dll
c:\users\eduardo godoy\source\repos\autolol2021\x64\release\opencv_imgproc.dll
c:\users\eduardo godoy\source\repos\autolol2021\x64\release\jpeg62.dll
c:\users\eduardo godoy\source\repos\autolol2021\x64\release\webp.dll
c:\users\eduardo godoy\source\repos\autolol2021\x64\release\libpng16.dll
c:\users\eduardo godoy\source\repos\autolol2021\x64\release\tiff.dll
c:\users\eduardo godoy\source\repos\autolol2021\x64\release\lzma.dll
c:\users\eduardo godoy\source\repos\autolol2021\autolol2021\x64\release\vc142.pdb
c:\users\eduardo godoy\source\repos\autolol2021\autolol2021\x64\release\clientdecisions.obj
c:\users\eduardo godoy\source\repos\autolol2021\autolol2021\x64\release\autolol2021.obj
c:\users\eduardo godoy\source\repos\autolol2021\autolol2021\x64\release\imgpro.obj
c:\users\eduardo godoy\source\repos\autolol2021\autolol2021\x64\release\gamemode.obj
c:\users\eduardo godoy\source\repos\autolol2021\autolol2021\x64\release\generalfunctions.obj
c:\users\eduardo godoy\source\repos\autolol2021\x64\release\autolol2021.exe
c:\users\eduardo godoy\source\repos\autolol2021\autolol2021\x64\release\autolol2021.ipdb
c:\users\eduardo godoy\source\repos\autolol2021\autolol2021\x64\release\autolol2021.iobj
c:\users\eduardo godoy\source\repos\autolol2021\x64\release\autolol2021.pdb
c:\users\eduardo godoy\source\repos\autolol2021\autolol2021\x64\release\autolol2021.tlog\autolol2021.write.1u.tlog
c:\users\eduardo godoy\source\repos\autolol2021\autolol2021\x64\release\autolol2021.tlog\cl.command.1.tlog
c:\users\eduardo godoy\source\repos\autolol2021\autolol2021\x64\release\autolol2021.tlog\cl.read.1.tlog
c:\users\eduardo godoy\source\repos\autolol2021\autolol2021\x64\release\autolol2021.tlog\cl.write.1.tlog
c:\users\eduardo godoy\source\repos\autolol2021\autolol2021\x64\release\autolol2021.tlog\link.command.1.tlog
c:\users\eduardo godoy\source\repos\autolol2021\autolol2021\x64\release\autolol2021.tlog\link.read.1.tlog
c:\users\eduardo godoy\source\repos\autolol2021\autolol2021\x64\release\autolol2021.tlog\link.write.1.tlog
